# JRE version: OpenJDK Runtime Environment (18.0.1.1+2) (build 18.0.1.1+2-6)
# Java VM: OpenJDK 64-Bit Server VM (18.0.1.1+2-6, mixed mode, sharing, tiered, compressed oops, compressed class ptrs, g1 gc, windows-amd64)
GC Precious Log:
 CardTable entry size: 512
 Card Set container configuration: InlinePtr #cards 5 size 8 Array Of Cards #cards 12 size 40 Howl #buckets 4 coarsen threshold 1843 Howl Bitmap #cards 512 size 80 coarsen threshold 460 Card regions per heap region 1 cards per card region 2048
 CPUs: 4 total, 4 available
 Memory: 8049M
 Large Page Support: Disabled
 NUMA Support: Disabled
 Compressed Oops: Enabled (32-bit)
 Heap Region Size: 1M
 Heap Min Capacity: 8M
 Heap Initial Capacity: 126M
 Heap Max Capacity: 2014M
 Pre-touch: Disabled
 Parallel Workers: 4
 Concurrent Workers: 1
 Concurrent Refinement Workers: 4
 Periodic GC: Disabled
Heap:
 garbage-first heap   total 60416K, used 18309K [0x0000000082200000, 0x0000000100000000)
  region size 1024K, 4 young (4096K), 3 survivors (3072K)
 Metaspace       used 32044K, committed 32384K, reserved 1114112K
  class space    used 4102K, committed 4288K, reserved 1048576K
GC Heap History (10 events):
Event: 4.077 GC heap before
{Heap before GC invocations=0 (full 0):
 garbage-first heap   total 129024K, used 13312K [0x0000000082200000, 0x0000000100000000)
  region size 1024K, 13 young (13312K), 0 survivors (0K)
 Metaspace       used 2445K, committed 2624K, reserved 1114112K
  class space    used 205K, committed 320K, reserved 1048576K
}
Event: 4.084 GC heap after
{Heap after GC invocations=1 (full 0):
 garbage-first heap   total 129024K, used 7545K [0x0000000082200000, 0x0000000100000000)
  region size 1024K, 2 young (2048K), 2 survivors (2048K)
 Metaspace       used 2445K, committed 2624K, reserved 1114112K
  class space    used 205K, committed 320K, reserved 1048576K
}
Event: 4.774 GC heap before
{Heap before GC invocations=1 (full 0):
 garbage-first heap   total 129024K, used 14713K [0x0000000082200000, 0x0000000100000000)
  region size 1024K, 9 young (9216K), 2 survivors (2048K)
 Metaspace       used 4791K, committed 4992K, reserved 1114112K
  class space    used 507K, committed 576K, reserved 1048576K
}
Event: 4.778 GC heap after
{Heap after GC invocations=2 (full 0):
 garbage-first heap   total 129024K, used 8336K [0x0000000082200000, 0x0000000100000000)
  region size 1024K, 1 young (1024K), 1 survivors (1024K)
 Metaspace       used 4791K, committed 4992K, reserved 1114112K
  class space    used 507K, committed 576K, reserved 1048576K
}
Event: 6.134 GC heap before
{Heap before GC invocations=2 (full 0):
 garbage-first heap   total 129024K, used 27792K [0x0000000082200000, 0x0000000100000000)
  region size 1024K, 21 young (21504K), 1 survivors (1024K)
 Metaspace       used 10580K, committed 10816K, reserved 1114112K
  class space    used 1290K, committed 1408K, reserved 1048576K
}
Event: 6.138 GC heap after
{Heap after GC invocations=3 (full 0):
 garbage-first heap   total 129024K, used 9732K [0x0000000082200000, 0x0000000100000000)
  region size 1024K, 3 young (3072K), 3 survivors (3072K)
 Metaspace       used 10580K, committed 10816K, reserved 1114112K
  class space    used 1290K, committed 1408K, reserved 1048576K
}
Event: 8.317 GC heap before
{Heap before GC invocations=3 (full 0):
 garbage-first heap   total 129024K, used 64004K [0x0000000082200000, 0x0000000100000000)
  region size 1024K, 58 young (59392K), 3 survivors (3072K)
 Metaspace       used 21246K, committed 21504K, reserved 1114112K
  class space    used 2605K, committed 2752K, reserved 1048576K
}
Event: 8.326 GC heap after
{Heap after GC invocations=4 (full 0):
 garbage-first heap   total 129024K, used 13154K [0x0000000082200000, 0x0000000100000000)
  region size 1024K, 6 young (6144K), 6 survivors (6144K)
 Metaspace       used 21246K, committed 21504K, reserved 1114112K
  class space    used 2605K, committed 2752K, reserved 1048576K
}
Event: 13.387 GC heap before
{Heap before GC invocations=5 (full 0):
 garbage-first heap   total 51200K, used 50018K [0x0000000082200000, 0x0000000100000000)
  region size 1024K, 42 young (43008K), 6 survivors (6144K)
 Metaspace       used 28383K, committed 28736K, reserved 1114112K
  class space    used 3678K, committed 3840K, reserved 1048576K
}
Event: 13.408 GC heap after
{Heap after GC invocations=6 (full 0):
 garbage-first heap   total 60416K, used 16211K [0x0000000082200000, 0x0000000100000000)
  region size 1024K, 8 young (8192K), 8 survivors (8192K)
 Metaspace       used 28383K, committed 28736K, reserved 1114112K
  class space    used 3678K, committed 3840K, reserved 1048576K
}

